<?xml version="1.0" encoding="UTF-8"?>
<!-- Generated by org.testng.reporters.JUnitXMLReporter -->
<testsuite ignored="0" hostname="LAPTOP-H1L9KFJV" failures="0" tests="3" name="MyTest" time="0.819" errors="0" timestamp="2025-05-10T23:45:01 EEST">
  <testcase classname="seleniumSS.TestNG" name="GetUrlCorrectly" time="0.011"/>
  <testcase classname="seleniumSS.TestNG" name="UserCanBuy" time="0.006"/>
  <testcase classname="seleniumSS.TestNG" name="GetBTitle" time="0.005"/>
</testsuite> <!-- MyTest -->
