<?xml version="1.0" encoding="UTF-8"?>
<!-- Generated by org.testng.reporters.JUnitXMLReporter -->
<testsuite ignored="0" hostname="LAPTOP-H1L9KFJV" failures="0" tests="4" name="MyFirstTest" time="1.551" errors="0" timestamp="2025-05-10T15:16:25 EEST">
  <testcase classname="seleniumSS.TestNG" name="GetTitle" time="0.012"/>
  <testcase classname="seleniumSS.TestNG" name="GetUrlCorrectly" time="0.006"/>
  <testcase classname="seleniumSS.TestNG2" name="GetTitle" time="0.006"/>
  <testcase classname="seleniumSS.TestNG2" name="GetUrlCorrectly" time="0.006"/>
</testsuite> <!-- MyFirstTest -->
