<?xml version="1.0" encoding="UTF-8"?>
<testng-results ignored="0" total="1" passed="1" failed="0" skipped="0">
  <reporter-output>
  </reporter-output>
  <suite started-at="2025-05-13T00:44:50 EEST" name="Default suite" finished-at="2025-05-13T00:44:50 EEST" duration-ms="510">
    <groups>
    </groups>
    <test started-at="2025-05-13T00:44:50 EEST" name="Default test" finished-at="2025-05-13T00:44:50 EEST" duration-ms="510">
      <class name="seleniumSS.QacartPage">
        <test-method is-config="true" signature="GetUrl()[pri:0, instance:seleniumSS.QacartPage@fc258b1]" started-at="2025-05-13T00:44:50 EEST" name="GetUrl" finished-at="2025-05-13T00:44:50 EEST" duration-ms="339" status="PASS">
          <reporter-output>
          </reporter-output>
        </test-method> <!-- GetUrl -->
        <test-method signature="FindElementByXpath()[pri:0, instance:seleniumSS.QacartPage@fc258b1]" started-at="2025-05-13T00:44:50 EEST" name="FindElementByXpath" finished-at="2025-05-13T00:44:50 EEST" duration-ms="32" status="PASS">
          <reporter-output>
          </reporter-output>
        </test-method> <!-- FindElementByXpath -->
        <test-method is-config="true" signature="QuitDriver()[pri:0, instance:seleniumSS.QacartPage@fc258b1]" started-at="2025-05-13T00:44:50 EEST" name="QuitDriver" finished-at="2025-05-13T00:44:50 EEST" duration-ms="109" status="PASS">
          <reporter-output>
          </reporter-output>
        </test-method> <!-- QuitDriver -->
      </class> <!-- seleniumSS.QacartPage -->
    </test> <!-- Default test -->
  </suite> <!-- Default suite -->
</testng-results>
